Traceback (most recent call last):
  File "/home/tom/miniconda3/envs/sim_tools/lib/python3.11/site-packages/jupyter_cache/executors/utils.py", line 58, in single_nb_execution
    executenb(
  File "/home/tom/miniconda3/envs/sim_tools/lib/python3.11/site-packages/nbclient/client.py", line 1319, in execute
    return NotebookClient(nb=nb, resources=resources, km=km, **kwargs).execute()
           ^^^^^^^^^^^^^^^^^^^^^^^^^^^^^^^^^^^^^^^^^^^^^^^^^^^^^^^^^^^^^^^^^^^^^
  File "/home/tom/miniconda3/envs/sim_tools/lib/python3.11/site-packages/jupyter_core/utils/__init__.py", line 165, in wrapped
    return loop.run_until_complete(inner)
           ^^^^^^^^^^^^^^^^^^^^^^^^^^^^^^
  File "/home/tom/miniconda3/envs/sim_tools/lib/python3.11/asyncio/base_events.py", line 654, in run_until_complete
    return future.result()
           ^^^^^^^^^^^^^^^
  File "/home/tom/miniconda3/envs/sim_tools/lib/python3.11/site-packages/nbclient/client.py", line 709, in async_execute
    await self.async_execute_cell(
  File "/home/tom/miniconda3/envs/sim_tools/lib/python3.11/site-packages/nbclient/client.py", line 1062, in async_execute_cell
    await self._check_raise_for_error(cell, cell_index, exec_reply)
  File "/home/tom/miniconda3/envs/sim_tools/lib/python3.11/site-packages/nbclient/client.py", line 918, in _check_raise_for_error
    raise CellExecutionError.from_cell_and_msg(cell, exec_reply_content)
nbclient.exceptions.CellExecutionError: An error occurred while executing the following cell:
------------------
# create the default scenario.
args = Scenario(debug=True, tracked=[10, 19])

# use the single_run() func
# try changing `random_no_set` to see different run results
print('Running simulation ...', end=' => ')
results = single_run(args, random_no_set=42)
print('simulation complete.')

# show results (transpose replication for easier view)
print(results.T)
------------------

----- stdout -----
Running simulation ... =>
------------------

[0;31m---------------------------------------------------------------------------[0m
[0;31mTypeError[0m                                 Traceback (most recent call last)
Cell [0;32mIn[12], line 100[0m, in [0;36mTreatmentCentreModel.arrivals_generator[0;34m(self)[0m
[1;32m     97[0m [38;5;28;01mfor[39;00m patient_count [38;5;129;01min[39;00m itertools[38;5;241m.[39mcount():
[1;32m     98[0m 
[1;32m     99[0m     [38;5;66;03m# sample iat via thinning[39;00m
[0;32m--> 100[0m     interarrival_time [38;5;241m=[39m [38;5;28;43mself[39;49m[38;5;241;43m.[39;49m[43margs[49m[38;5;241;43m.[39;49m[43mthinning_dist[49m[38;5;241;43m.[39;49m[43msample[49m[43m([49m[38;5;28;43mself[39;49m[38;5;241;43m.[39;49m[43menv[49m[38;5;241;43m.[39;49m[43mnow[49m[43m)[49m
[1;32m    102[0m     [38;5;66;03m# delay until next arrival[39;00m

File [0;32m~/Documents/code/sim-tools/sim_tools/time_dependent.py:108[0m, in [0;36mNSPPThinning.sample[0;34m(self, simulation_time)[0m
[1;32m    107[0m [38;5;66;03m# this gives us the index of dataframe to use[39;00m
[0;32m--> 108[0m t [38;5;241m=[39m [38;5;28mint[39m([43msimulation_time[49m[43m [49m[38;5;241;43m/[39;49m[38;5;241;43m/[39;49m[43m [49m[38;5;28;43mself[39;49m[38;5;241;43m.[39;49m[43minterval[49m) [38;5;241m%[39m [38;5;28mlen[39m([38;5;28mself[39m[38;5;241m.[39mdata)
[1;32m    109[0m mean_iat_t [38;5;241m=[39m [38;5;28mself[39m[38;5;241m.[39mdata[[38;5;124m"[39m[38;5;124mmean_iat[39m[38;5;124m"[39m][38;5;241m.[39miloc[t]

[0;31mTypeError[0m: unsupported operand type(s) for //: 'int' and 'numpy.random.bit_generator.SeedSequence'

The above exception was the direct cause of the following exception:

[0;31mTypeError[0m                                 Traceback (most recent call last)
Cell [0;32mIn[16], line 7[0m
[1;32m      4[0m [38;5;66;03m# use the single_run() func[39;00m
[1;32m      5[0m [38;5;66;03m# try changing `random_no_set` to see different run results[39;00m
[1;32m      6[0m [38;5;28mprint[39m([38;5;124m'[39m[38;5;124mRunning simulation ...[39m[38;5;124m'[39m, end[38;5;241m=[39m[38;5;124m'[39m[38;5;124m => [39m[38;5;124m'[39m)
[0;32m----> 7[0m results [38;5;241m=[39m [43msingle_run[49m[43m([49m[43margs[49m[43m,[49m[43m [49m[43mrandom_no_set[49m[38;5;241;43m=[39;49m[38;5;241;43m42[39;49m[43m)[49m
[1;32m      8[0m [38;5;28mprint[39m([38;5;124m'[39m[38;5;124msimulation complete.[39m[38;5;124m'[39m)
[1;32m     10[0m [38;5;66;03m# show results (transpose replication for easier view)[39;00m

Cell [0;32mIn[14], line 33[0m, in [0;36msingle_run[0;34m(scenario, rc_period, random_no_set)[0m
[1;32m     30[0m model [38;5;241m=[39m TreatmentCentreModel(scenario)
[1;32m     32[0m [38;5;66;03m# run the model[39;00m
[0;32m---> 33[0m [43mmodel[49m[38;5;241;43m.[39;49m[43mrun[49m[43m([49m[43mresults_collection_period[49m[38;5;241;43m=[39;49m[43mrc_period[49m[43m)[49m
[1;32m     35[0m [38;5;66;03m# run results[39;00m
[1;32m     36[0m summary [38;5;241m=[39m SimulationSummary(model)

Cell [0;32mIn[12], line 84[0m, in [0;36mTreatmentCentreModel.run[0;34m(self, results_collection_period)[0m
[1;32m     81[0m [38;5;28mself[39m[38;5;241m.[39mrc_period [38;5;241m=[39m results_collection_period
[1;32m     83[0m [38;5;66;03m# run[39;00m
[0;32m---> 84[0m [38;5;28;43mself[39;49m[38;5;241;43m.[39;49m[43menv[49m[38;5;241;43m.[39;49m[43mrun[49m[43m([49m[43muntil[49m[38;5;241;43m=[39;49m[43mresults_collection_period[49m[43m)[49m

File [0;32m~/miniconda3/envs/sim_tools/lib/python3.11/site-packages/simpy/core.py:246[0m, in [0;36mEnvironment.run[0;34m(self, until)[0m
[1;32m    244[0m [38;5;28;01mtry[39;00m:
[1;32m    245[0m     [38;5;28;01mwhile[39;00m [38;5;28;01mTrue[39;00m:
[0;32m--> 246[0m         [38;5;28;43mself[39;49m[38;5;241;43m.[39;49m[43mstep[49m[43m([49m[43m)[49m
[1;32m    247[0m [38;5;28;01mexcept[39;00m StopSimulation [38;5;28;01mas[39;00m exc:
[1;32m    248[0m     [38;5;28;01mreturn[39;00m exc[38;5;241m.[39margs[[38;5;241m0[39m]  [38;5;66;03m# == until.value[39;00m

File [0;32m~/miniconda3/envs/sim_tools/lib/python3.11/site-packages/simpy/core.py:204[0m, in [0;36mEnvironment.step[0;34m(self)[0m
[1;32m    202[0m exc [38;5;241m=[39m [38;5;28mtype[39m(event[38;5;241m.[39m_value)([38;5;241m*[39mevent[38;5;241m.[39m_value[38;5;241m.[39margs)
[1;32m    203[0m exc[38;5;241m.[39m__cause__ [38;5;241m=[39m event[38;5;241m.[39m_value
[0;32m--> 204[0m [38;5;28;01mraise[39;00m exc

[0;31mTypeError[0m: unsupported operand type(s) for //: 'int' and 'numpy.random.bit_generator.SeedSequence'

